2015-10-04 17:28:14,832 INFO  [main] impl.CacheClientBuilder (CacheClientBuilder.java:30) - Get CacheConfigInfo ...
2015-10-04 17:28:14,835 DEBUG [main] impl.UniConfigBuilder (UniConfigBuilder.java:33) - uniconfig zkAddress:127.0.0.1:2181
2015-10-04 17:28:14,836 DEBUG [main] impl.UniConfigBuilder (UniConfigBuilder.java:34) - uniconfig zkUser:zkroot
2015-10-04 17:28:14,836 DEBUG [main] impl.UniConfigBuilder (UniConfigBuilder.java:35) - uniconfig zkPassword:123456
2015-10-04 17:28:14,836 DEBUG [main] impl.UniConfigBuilder (UniConfigBuilder.java:36) - uniconfig zkTimeout:3000
2015-10-04 17:28:14,836 DEBUG [main] impl.UniConfigBuilder (UniConfigBuilder.java:37) - uniconfig zkAuthSchema:digest
2015-10-04 17:28:15,100 DEBUG [main] impl.UniConfigClient (UniConfigClient.java:62) - Real path=/gucl.com/mapp-sso/cache/config
2015-10-04 17:28:15,118 DEBUG [main] impl.UniConfigClient (UniConfigClient.java:62) - Real path=/gucl.com/mapp-sso/cache/config
2015-10-04 17:28:15,244 INFO  [main] impl.CacheClientBuilder (CacheClientBuilder.java:37) - Get hostAndPort ...
2015-10-04 17:28:15,245 INFO  [main] impl.CacheClientBuilder (CacheClientBuilder.java:39) - Get RedisClient ...
2015-10-04 17:28:15,247 INFO  [main] impl.CacheClient (CacheClient.java:51) - Create JedisPool Begin ...
2015-10-04 17:28:16,284 ERROR [main] impl.CacheClient (CacheClient.java:96) - Could not get a resource from the pool
redis.clients.jedis.exceptions.JedisConnectionException: Could not get a resource from the pool
	at redis.clients.util.Pool.getResource(Pool.java:50) ~[jedis-3.0.0.jar:?]
	at redis.clients.jedis.JedisPool.getResource(JedisPool.java:85) ~[jedis-3.0.0.jar:?]
	at com.gucl.myxapp.paas.ipaas.cache.client.impl.CacheClient.getJedis(CacheClient.java:106) ~[bin/:?]
	at com.gucl.myxapp.paas.ipaas.cache.client.impl.CacheClient.canConnection(CacheClient.java:92) [bin/:?]
	at com.gucl.myxapp.paas.ipaas.cache.client.impl.CacheClient.createPoolNonPassword(CacheClient.java:55) [bin/:?]
	at com.gucl.myxapp.paas.ipaas.cache.client.impl.CacheClient.<init>(CacheClient.java:36) [bin/:?]
	at com.gucl.myxapp.paas.ipaas.cache.builder.impl.CacheClientBuilder.getCacheClient(CacheClientBuilder.java:43) [bin/:?]
	at test.com.gucl.myapp.paas.ipaas.cache.CacheTest.testWriteCache(CacheTest.java:13) [bin/:?]
	at sun.reflect.NativeMethodAccessorImpl.invoke0(Native Method) ~[?:1.8.0_60]
	at sun.reflect.NativeMethodAccessorImpl.invoke(Unknown Source) ~[?:1.8.0_60]
	at sun.reflect.DelegatingMethodAccessorImpl.invoke(Unknown Source) ~[?:1.8.0_60]
	at java.lang.reflect.Method.invoke(Unknown Source) ~[?:1.8.0_60]
	at org.junit.runners.model.FrameworkMethod$1.runReflectiveCall(FrameworkMethod.java:50) [junit-4.12.jar:4.12]
	at org.junit.internal.runners.model.ReflectiveCallable.run(ReflectiveCallable.java:12) [junit-4.12.jar:4.12]
	at org.junit.runners.model.FrameworkMethod.invokeExplosively(FrameworkMethod.java:47) [junit-4.12.jar:4.12]
	at org.junit.internal.runners.statements.InvokeMethod.evaluate(InvokeMethod.java:17) [junit-4.12.jar:4.12]
	at org.junit.runners.ParentRunner.runLeaf(ParentRunner.java:325) [junit-4.12.jar:4.12]
	at org.junit.runners.BlockJUnit4ClassRunner.runChild(BlockJUnit4ClassRunner.java:78) [junit-4.12.jar:4.12]
	at org.junit.runners.BlockJUnit4ClassRunner.runChild(BlockJUnit4ClassRunner.java:57) [junit-4.12.jar:4.12]
	at org.junit.runners.ParentRunner$3.run(ParentRunner.java:290) [junit-4.12.jar:4.12]
	at org.junit.runners.ParentRunner$1.schedule(ParentRunner.java:71) [junit-4.12.jar:4.12]
	at org.junit.runners.ParentRunner.runChildren(ParentRunner.java:288) [junit-4.12.jar:4.12]
	at org.junit.runners.ParentRunner.access$000(ParentRunner.java:58) [junit-4.12.jar:4.12]
	at org.junit.runners.ParentRunner$2.evaluate(ParentRunner.java:268) [junit-4.12.jar:4.12]
	at org.junit.runners.ParentRunner.run(ParentRunner.java:363) [junit-4.12.jar:4.12]
	at org.eclipse.jdt.internal.junit4.runner.JUnit4TestReference.run(JUnit4TestReference.java:86) [.cp/:?]
	at org.eclipse.jdt.internal.junit.runner.TestExecution.run(TestExecution.java:38) [.cp/:?]
	at org.eclipse.jdt.internal.junit.runner.RemoteTestRunner.runTests(RemoteTestRunner.java:459) [.cp/:?]
	at org.eclipse.jdt.internal.junit.runner.RemoteTestRunner.runTests(RemoteTestRunner.java:675) [.cp/:?]
	at org.eclipse.jdt.internal.junit.runner.RemoteTestRunner.run(RemoteTestRunner.java:382) [.cp/:?]
	at org.eclipse.jdt.internal.junit.runner.RemoteTestRunner.main(RemoteTestRunner.java:192) [.cp/:?]
Caused by: redis.clients.jedis.exceptions.JedisConnectionException: java.net.ConnectException: Connection refused: connect
	at redis.clients.jedis.Connection.connect(Connection.java:152) ~[jedis-3.0.0.jar:?]
	at redis.clients.jedis.BinaryClient.connect(BinaryClient.java:83) ~[jedis-3.0.0.jar:?]
	at redis.clients.jedis.BinaryJedis.connect(BinaryJedis.java:1602) ~[jedis-3.0.0.jar:?]
	at redis.clients.jedis.JedisFactory.makeObject(JedisFactory.java:85) ~[jedis-3.0.0.jar:?]
	at org.apache.commons.pool2.impl.GenericObjectPool.create(GenericObjectPool.java:861) ~[commons-pool2-2.3.jar:2.3]
	at org.apache.commons.pool2.impl.GenericObjectPool.borrowObject(GenericObjectPool.java:435) ~[commons-pool2-2.3.jar:2.3]
	at org.apache.commons.pool2.impl.GenericObjectPool.borrowObject(GenericObjectPool.java:363) ~[commons-pool2-2.3.jar:2.3]
	at redis.clients.util.Pool.getResource(Pool.java:48) ~[jedis-3.0.0.jar:?]
	... 30 more
Caused by: java.net.ConnectException: Connection refused: connect
	at java.net.DualStackPlainSocketImpl.waitForConnect(Native Method) ~[?:1.8.0_60]
	at java.net.DualStackPlainSocketImpl.socketConnect(Unknown Source) ~[?:1.8.0_60]
	at java.net.AbstractPlainSocketImpl.doConnect(Unknown Source) ~[?:1.8.0_60]
	at java.net.AbstractPlainSocketImpl.connectToAddress(Unknown Source) ~[?:1.8.0_60]
	at java.net.AbstractPlainSocketImpl.connect(Unknown Source) ~[?:1.8.0_60]
	at java.net.PlainSocketImpl.connect(Unknown Source) ~[?:1.8.0_60]
	at java.net.SocksSocketImpl.connect(Unknown Source) ~[?:1.8.0_60]
	at java.net.Socket.connect(Unknown Source) ~[?:1.8.0_60]
	at redis.clients.jedis.Connection.connect(Connection.java:146) ~[jedis-3.0.0.jar:?]
	at redis.clients.jedis.BinaryClient.connect(BinaryClient.java:83) ~[jedis-3.0.0.jar:?]
	at redis.clients.jedis.BinaryJedis.connect(BinaryJedis.java:1602) ~[jedis-3.0.0.jar:?]
	at redis.clients.jedis.JedisFactory.makeObject(JedisFactory.java:85) ~[jedis-3.0.0.jar:?]
	at org.apache.commons.pool2.impl.GenericObjectPool.create(GenericObjectPool.java:861) ~[commons-pool2-2.3.jar:2.3]
	at org.apache.commons.pool2.impl.GenericObjectPool.borrowObject(GenericObjectPool.java:435) ~[commons-pool2-2.3.jar:2.3]
	at org.apache.commons.pool2.impl.GenericObjectPool.borrowObject(GenericObjectPool.java:363) ~[commons-pool2-2.3.jar:2.3]
	at redis.clients.util.Pool.getResource(Pool.java:48) ~[jedis-3.0.0.jar:?]
	... 30 more
2015-10-04 17:28:16,294 INFO  [main] impl.CacheClientBuilder (CacheClientBuilder.java:45) - Get RedisClient ...
2015-10-04 17:28:17,295 ERROR [main] impl.CacheClient (CacheClient.java:392) - Could not get a resource from the pool
redis.clients.jedis.exceptions.JedisConnectionException: Could not get a resource from the pool
	at redis.clients.util.Pool.getResource(Pool.java:50) ~[jedis-3.0.0.jar:?]
	at redis.clients.jedis.JedisPool.getResource(JedisPool.java:85) ~[jedis-3.0.0.jar:?]
	at com.gucl.myxapp.paas.ipaas.cache.client.impl.CacheClient.getJedis(CacheClient.java:106) ~[bin/:?]
	at com.gucl.myxapp.paas.ipaas.cache.client.impl.CacheClient.hset(CacheClient.java:389) [bin/:?]
	at test.com.gucl.myapp.paas.ipaas.cache.CacheTest.testWriteCache(CacheTest.java:13) [bin/:?]
	at sun.reflect.NativeMethodAccessorImpl.invoke0(Native Method) ~[?:1.8.0_60]
	at sun.reflect.NativeMethodAccessorImpl.invoke(Unknown Source) ~[?:1.8.0_60]
	at sun.reflect.DelegatingMethodAccessorImpl.invoke(Unknown Source) ~[?:1.8.0_60]
	at java.lang.reflect.Method.invoke(Unknown Source) ~[?:1.8.0_60]
	at org.junit.runners.model.FrameworkMethod$1.runReflectiveCall(FrameworkMethod.java:50) [junit-4.12.jar:4.12]
	at org.junit.internal.runners.model.ReflectiveCallable.run(ReflectiveCallable.java:12) [junit-4.12.jar:4.12]
	at org.junit.runners.model.FrameworkMethod.invokeExplosively(FrameworkMethod.java:47) [junit-4.12.jar:4.12]
	at org.junit.internal.runners.statements.InvokeMethod.evaluate(InvokeMethod.java:17) [junit-4.12.jar:4.12]
	at org.junit.runners.ParentRunner.runLeaf(ParentRunner.java:325) [junit-4.12.jar:4.12]
	at org.junit.runners.BlockJUnit4ClassRunner.runChild(BlockJUnit4ClassRunner.java:78) [junit-4.12.jar:4.12]
	at org.junit.runners.BlockJUnit4ClassRunner.runChild(BlockJUnit4ClassRunner.java:57) [junit-4.12.jar:4.12]
	at org.junit.runners.ParentRunner$3.run(ParentRunner.java:290) [junit-4.12.jar:4.12]
	at org.junit.runners.ParentRunner$1.schedule(ParentRunner.java:71) [junit-4.12.jar:4.12]
	at org.junit.runners.ParentRunner.runChildren(ParentRunner.java:288) [junit-4.12.jar:4.12]
	at org.junit.runners.ParentRunner.access$000(ParentRunner.java:58) [junit-4.12.jar:4.12]
	at org.junit.runners.ParentRunner$2.evaluate(ParentRunner.java:268) [junit-4.12.jar:4.12]
	at org.junit.runners.ParentRunner.run(ParentRunner.java:363) [junit-4.12.jar:4.12]
	at org.eclipse.jdt.internal.junit4.runner.JUnit4TestReference.run(JUnit4TestReference.java:86) [.cp/:?]
	at org.eclipse.jdt.internal.junit.runner.TestExecution.run(TestExecution.java:38) [.cp/:?]
	at org.eclipse.jdt.internal.junit.runner.RemoteTestRunner.runTests(RemoteTestRunner.java:459) [.cp/:?]
	at org.eclipse.jdt.internal.junit.runner.RemoteTestRunner.runTests(RemoteTestRunner.java:675) [.cp/:?]
	at org.eclipse.jdt.internal.junit.runner.RemoteTestRunner.run(RemoteTestRunner.java:382) [.cp/:?]
	at org.eclipse.jdt.internal.junit.runner.RemoteTestRunner.main(RemoteTestRunner.java:192) [.cp/:?]
Caused by: redis.clients.jedis.exceptions.JedisConnectionException: java.net.ConnectException: Connection refused: connect
	at redis.clients.jedis.Connection.connect(Connection.java:152) ~[jedis-3.0.0.jar:?]
	at redis.clients.jedis.BinaryClient.connect(BinaryClient.java:83) ~[jedis-3.0.0.jar:?]
	at redis.clients.jedis.BinaryJedis.connect(BinaryJedis.java:1602) ~[jedis-3.0.0.jar:?]
	at redis.clients.jedis.JedisFactory.makeObject(JedisFactory.java:85) ~[jedis-3.0.0.jar:?]
	at org.apache.commons.pool2.impl.GenericObjectPool.create(GenericObjectPool.java:861) ~[commons-pool2-2.3.jar:2.3]
	at org.apache.commons.pool2.impl.GenericObjectPool.borrowObject(GenericObjectPool.java:435) ~[commons-pool2-2.3.jar:2.3]
	at org.apache.commons.pool2.impl.GenericObjectPool.borrowObject(GenericObjectPool.java:363) ~[commons-pool2-2.3.jar:2.3]
	at redis.clients.util.Pool.getResource(Pool.java:48) ~[jedis-3.0.0.jar:?]
	... 27 more
Caused by: java.net.ConnectException: Connection refused: connect
	at java.net.DualStackPlainSocketImpl.waitForConnect(Native Method) ~[?:1.8.0_60]
	at java.net.DualStackPlainSocketImpl.socketConnect(Unknown Source) ~[?:1.8.0_60]
	at java.net.AbstractPlainSocketImpl.doConnect(Unknown Source) ~[?:1.8.0_60]
	at java.net.AbstractPlainSocketImpl.connectToAddress(Unknown Source) ~[?:1.8.0_60]
	at java.net.AbstractPlainSocketImpl.connect(Unknown Source) ~[?:1.8.0_60]
	at java.net.PlainSocketImpl.connect(Unknown Source) ~[?:1.8.0_60]
	at java.net.SocksSocketImpl.connect(Unknown Source) ~[?:1.8.0_60]
	at java.net.Socket.connect(Unknown Source) ~[?:1.8.0_60]
	at redis.clients.jedis.Connection.connect(Connection.java:146) ~[jedis-3.0.0.jar:?]
	at redis.clients.jedis.BinaryClient.connect(BinaryClient.java:83) ~[jedis-3.0.0.jar:?]
	at redis.clients.jedis.BinaryJedis.connect(BinaryJedis.java:1602) ~[jedis-3.0.0.jar:?]
	at redis.clients.jedis.JedisFactory.makeObject(JedisFactory.java:85) ~[jedis-3.0.0.jar:?]
	at org.apache.commons.pool2.impl.GenericObjectPool.create(GenericObjectPool.java:861) ~[commons-pool2-2.3.jar:2.3]
	at org.apache.commons.pool2.impl.GenericObjectPool.borrowObject(GenericObjectPool.java:435) ~[commons-pool2-2.3.jar:2.3]
	at org.apache.commons.pool2.impl.GenericObjectPool.borrowObject(GenericObjectPool.java:363) ~[commons-pool2-2.3.jar:2.3]
	at redis.clients.util.Pool.getResource(Pool.java:48) ~[jedis-3.0.0.jar:?]
	... 27 more
2015-10-04 18:06:07,904 DEBUG [main] impl.UniConfigBuilder (UniConfigBuilder.java:33) - uniconfig zkAddress:127.0.0.1:2181
2015-10-04 18:06:07,905 DEBUG [main] impl.UniConfigBuilder (UniConfigBuilder.java:34) - uniconfig zkUser:zkroot
2015-10-04 18:06:07,905 DEBUG [main] impl.UniConfigBuilder (UniConfigBuilder.java:35) - uniconfig zkPassword:123456
2015-10-04 18:06:07,906 DEBUG [main] impl.UniConfigBuilder (UniConfigBuilder.java:36) - uniconfig zkTimeout:3000
2015-10-04 18:06:07,906 DEBUG [main] impl.UniConfigBuilder (UniConfigBuilder.java:37) - uniconfig zkAuthSchema:digest
2015-10-04 18:06:08,133 DEBUG [main] impl.UniConfigClient (UniConfigClient.java:62) - Real path=/gucl.com/mapp-sso/cache/config
2015-10-04 18:06:08,150 DEBUG [main] impl.UniConfigClient (UniConfigClient.java:62) - Real path=/gucl.com/mapp-sso/cache/config
2015-10-04 18:06:08,154 DEBUG [main] impl.UniConfigBuilder (UniConfigBuilder.java:33) - uniconfig zkAddress:127.0.0.1:2181
2015-10-04 18:06:08,154 DEBUG [main] impl.UniConfigBuilder (UniConfigBuilder.java:34) - uniconfig zkUser:zkroot
2015-10-04 18:06:08,155 DEBUG [main] impl.UniConfigBuilder (UniConfigBuilder.java:35) - uniconfig zkPassword:123456
2015-10-04 18:06:08,155 DEBUG [main] impl.UniConfigBuilder (UniConfigBuilder.java:36) - uniconfig zkTimeout:3000
2015-10-04 18:06:08,155 DEBUG [main] impl.UniConfigBuilder (UniConfigBuilder.java:37) - uniconfig zkAuthSchema:digest
2015-10-04 18:06:08,155 DEBUG [main] impl.UniConfigClient (UniConfigClient.java:62) - Real path=/gucl.com/mapp-sso/cache/config
2015-10-04 18:06:08,156 DEBUG [main] impl.UniConfigClient (UniConfigClient.java:62) - Real path=/gucl.com/mapp-sso/cache/config
2015-10-04 18:06:08,158 DEBUG [main] impl.UniConfigClient (UniConfigClient.java:62) - Real path=/gucl.com/mapp-sso/cache/config
2015-10-04 18:06:08,207 DEBUG [main] impl.UniConfigBuilder (UniConfigBuilder.java:33) - uniconfig zkAddress:127.0.0.1:2181
2015-10-04 18:06:08,208 DEBUG [main] impl.UniConfigBuilder (UniConfigBuilder.java:34) - uniconfig zkUser:zkroot
2015-10-04 18:06:08,209 DEBUG [main] impl.UniConfigBuilder (UniConfigBuilder.java:35) - uniconfig zkPassword:123456
2015-10-04 18:06:08,210 DEBUG [main] impl.UniConfigBuilder (UniConfigBuilder.java:36) - uniconfig zkTimeout:3000
2015-10-04 18:06:08,211 DEBUG [main] impl.UniConfigBuilder (UniConfigBuilder.java:37) - uniconfig zkAuthSchema:digest
2015-10-04 18:06:08,212 DEBUG [main] impl.UniConfigClient (UniConfigClient.java:62) - Real path=/gucl.com/mapp-sso/cache/config
2015-10-04 18:06:08,216 DEBUG [main] impl.UniConfigClient (UniConfigClient.java:62) - Real path=/gucl.com/mapp-sso/cache/config
2015-10-04 18:06:08,221 DEBUG [main] impl.UniConfigBuilder (UniConfigBuilder.java:33) - uniconfig zkAddress:127.0.0.1:2181
2015-10-04 18:06:08,222 DEBUG [main] impl.UniConfigBuilder (UniConfigBuilder.java:34) - uniconfig zkUser:zkroot
2015-10-04 18:06:08,223 DEBUG [main] impl.UniConfigBuilder (UniConfigBuilder.java:35) - uniconfig zkPassword:123456
2015-10-04 18:06:08,224 DEBUG [main] impl.UniConfigBuilder (UniConfigBuilder.java:36) - uniconfig zkTimeout:3000
2015-10-04 18:06:08,225 DEBUG [main] impl.UniConfigBuilder (UniConfigBuilder.java:37) - uniconfig zkAuthSchema:digest
2015-10-04 18:06:08,225 DEBUG [main] impl.UniConfigClient (UniConfigClient.java:62) - Real path=/gucl.com/mapp-sso/cache/config
2015-10-04 18:06:08,229 DEBUG [main] impl.UniConfigClient (UniConfigClient.java:62) - Real path=/gucl.com/mapp-sso/cache/config
2015-10-04 18:06:23,494 INFO  [main] impl.CacheClientBuilder (CacheClientBuilder.java:30) - Get CacheConfigInfo ...
2015-10-04 18:06:23,497 DEBUG [main] impl.UniConfigBuilder (UniConfigBuilder.java:33) - uniconfig zkAddress:127.0.0.1:2181
2015-10-04 18:06:23,497 DEBUG [main] impl.UniConfigBuilder (UniConfigBuilder.java:34) - uniconfig zkUser:zkroot
2015-10-04 18:06:23,498 DEBUG [main] impl.UniConfigBuilder (UniConfigBuilder.java:35) - uniconfig zkPassword:123456
2015-10-04 18:06:23,498 DEBUG [main] impl.UniConfigBuilder (UniConfigBuilder.java:36) - uniconfig zkTimeout:3000
2015-10-04 18:06:23,498 DEBUG [main] impl.UniConfigBuilder (UniConfigBuilder.java:37) - uniconfig zkAuthSchema:digest
2015-10-04 18:06:23,742 DEBUG [main] impl.UniConfigClient (UniConfigClient.java:62) - Real path=/gucl.com/mapp-sso/cache/config
2015-10-04 18:06:23,759 DEBUG [main] impl.UniConfigClient (UniConfigClient.java:62) - Real path=/gucl.com/mapp-sso/cache/config
2015-10-04 18:06:23,847 INFO  [main] impl.CacheClientBuilder (CacheClientBuilder.java:37) - Get hostAndPort ...
2015-10-04 18:06:23,847 INFO  [main] impl.CacheClientBuilder (CacheClientBuilder.java:39) - Get RedisClient ...
2015-10-04 18:06:23,849 INFO  [main] impl.CacheClient (CacheClient.java:51) - Create JedisPool Begin ...
2015-10-04 18:06:23,892 INFO  [main] impl.CacheClient (CacheClient.java:56) - Redis Server Info:192.168.0.10:6379
2015-10-04 18:06:23,893 INFO  [main] impl.CacheClient (CacheClient.java:57) - Create JedisPool Done ...
2015-10-04 18:06:23,893 INFO  [main] impl.CacheClientBuilder (CacheClientBuilder.java:45) - Get RedisClient ...
2015-10-04 18:06:23,894 INFO  [main] impl.CacheClientBuilder (CacheClientBuilder.java:30) - Get CacheConfigInfo ...
2015-10-04 18:06:23,894 DEBUG [main] impl.UniConfigBuilder (UniConfigBuilder.java:33) - uniconfig zkAddress:127.0.0.1:2181
2015-10-04 18:06:23,895 DEBUG [main] impl.UniConfigBuilder (UniConfigBuilder.java:34) - uniconfig zkUser:zkroot
2015-10-04 18:06:23,895 DEBUG [main] impl.UniConfigBuilder (UniConfigBuilder.java:35) - uniconfig zkPassword:123456
2015-10-04 18:06:23,895 DEBUG [main] impl.UniConfigBuilder (UniConfigBuilder.java:36) - uniconfig zkTimeout:3000
2015-10-04 18:06:23,895 DEBUG [main] impl.UniConfigBuilder (UniConfigBuilder.java:37) - uniconfig zkAuthSchema:digest
2015-10-04 18:06:23,895 DEBUG [main] impl.UniConfigClient (UniConfigClient.java:62) - Real path=/gucl.com/mapp-sso/cache/config
2015-10-04 18:06:23,897 DEBUG [main] impl.UniConfigClient (UniConfigClient.java:62) - Real path=/gucl.com/mapp-sso/cache/config
2015-10-04 18:06:30,811 INFO  [main] impl.CacheClientBuilder (CacheClientBuilder.java:30) - Get CacheConfigInfo ...
2015-10-04 18:06:30,814 DEBUG [main] impl.UniConfigBuilder (UniConfigBuilder.java:33) - uniconfig zkAddress:127.0.0.1:2181
2015-10-04 18:06:30,815 DEBUG [main] impl.UniConfigBuilder (UniConfigBuilder.java:34) - uniconfig zkUser:zkroot
2015-10-04 18:06:30,815 DEBUG [main] impl.UniConfigBuilder (UniConfigBuilder.java:35) - uniconfig zkPassword:123456
2015-10-04 18:06:30,815 DEBUG [main] impl.UniConfigBuilder (UniConfigBuilder.java:36) - uniconfig zkTimeout:3000
2015-10-04 18:06:30,815 DEBUG [main] impl.UniConfigBuilder (UniConfigBuilder.java:37) - uniconfig zkAuthSchema:digest
2015-10-04 18:06:31,120 DEBUG [main] impl.UniConfigClient (UniConfigClient.java:62) - Real path=/gucl.com/mapp-sso/cache/config
2015-10-04 18:06:31,145 DEBUG [main] impl.UniConfigClient (UniConfigClient.java:62) - Real path=/gucl.com/mapp-sso/cache/config
2015-10-04 18:06:31,264 INFO  [main] impl.CacheClientBuilder (CacheClientBuilder.java:37) - Get hostAndPort ...
2015-10-04 18:06:31,265 INFO  [main] impl.CacheClientBuilder (CacheClientBuilder.java:39) - Get RedisClient ...
2015-10-04 18:06:31,267 INFO  [main] impl.CacheClient (CacheClient.java:51) - Create JedisPool Begin ...
2015-10-04 18:06:31,305 INFO  [main] impl.CacheClient (CacheClient.java:56) - Redis Server Info:192.168.0.10:6379
2015-10-04 18:06:31,305 INFO  [main] impl.CacheClient (CacheClient.java:57) - Create JedisPool Done ...
2015-10-04 18:06:31,306 INFO  [main] impl.CacheClientBuilder (CacheClientBuilder.java:45) - Get RedisClient ...
2015-10-04 18:06:31,307 INFO  [main] impl.CacheClientBuilder (CacheClientBuilder.java:30) - Get CacheConfigInfo ...
2015-10-04 18:06:31,307 DEBUG [main] impl.UniConfigBuilder (UniConfigBuilder.java:33) - uniconfig zkAddress:127.0.0.1:2181
2015-10-04 18:06:31,307 DEBUG [main] impl.UniConfigBuilder (UniConfigBuilder.java:34) - uniconfig zkUser:zkroot
2015-10-04 18:06:31,307 DEBUG [main] impl.UniConfigBuilder (UniConfigBuilder.java:35) - uniconfig zkPassword:123456
2015-10-04 18:06:31,308 DEBUG [main] impl.UniConfigBuilder (UniConfigBuilder.java:36) - uniconfig zkTimeout:3000
2015-10-04 18:06:31,308 DEBUG [main] impl.UniConfigBuilder (UniConfigBuilder.java:37) - uniconfig zkAuthSchema:digest
2015-10-04 18:06:31,308 DEBUG [main] impl.UniConfigClient (UniConfigClient.java:62) - Real path=/gucl.com/mapp-sso/cache/config
2015-10-04 18:06:31,309 DEBUG [main] impl.UniConfigClient (UniConfigClient.java:62) - Real path=/gucl.com/mapp-sso/cache/config
2015-10-04 18:06:31,312 INFO  [main] impl.CacheClientBuilder (CacheClientBuilder.java:30) - Get CacheConfigInfo ...
2015-10-04 18:06:31,312 DEBUG [main] impl.UniConfigBuilder (UniConfigBuilder.java:33) - uniconfig zkAddress:127.0.0.1:2181
2015-10-04 18:06:31,313 DEBUG [main] impl.UniConfigBuilder (UniConfigBuilder.java:34) - uniconfig zkUser:zkroot
2015-10-04 18:06:31,313 DEBUG [main] impl.UniConfigBuilder (UniConfigBuilder.java:35) - uniconfig zkPassword:123456
2015-10-04 18:06:31,313 DEBUG [main] impl.UniConfigBuilder (UniConfigBuilder.java:36) - uniconfig zkTimeout:3000
2015-10-04 18:06:31,313 DEBUG [main] impl.UniConfigBuilder (UniConfigBuilder.java:37) - uniconfig zkAuthSchema:digest
2015-10-04 18:06:31,313 DEBUG [main] impl.UniConfigClient (UniConfigClient.java:62) - Real path=/gucl.com/mapp-sso/cache/config
2015-10-04 18:06:31,315 DEBUG [main] impl.UniConfigClient (UniConfigClient.java:62) - Real path=/gucl.com/mapp-sso/cache/config
2015-10-04 20:49:20,935 DEBUG [main] impl.UniConfigBuilder (UniConfigBuilder.java:33) - uniconfig zkAddress:127.0.0.1:2181
2015-10-04 20:49:20,936 DEBUG [main] impl.UniConfigBuilder (UniConfigBuilder.java:34) - uniconfig zkUser:zkroot
2015-10-04 20:49:20,937 DEBUG [main] impl.UniConfigBuilder (UniConfigBuilder.java:35) - uniconfig zkPassword:123456
2015-10-04 20:49:20,937 DEBUG [main] impl.UniConfigBuilder (UniConfigBuilder.java:36) - uniconfig zkTimeout:3000
2015-10-04 20:49:20,937 DEBUG [main] impl.UniConfigBuilder (UniConfigBuilder.java:37) - uniconfig zkAuthSchema:digest
2015-10-04 20:49:22,722 DEBUG [main] impl.UniConfigClient (UniConfigClient.java:62) - Real path=/gucl.com/mapp-sso/cache/config
2015-10-04 20:49:22,744 DEBUG [main] impl.UniConfigClient (UniConfigClient.java:62) - Real path=/gucl.com/mapp-sso/cache/config
2015-10-04 20:49:22,751 DEBUG [main] impl.UniConfigBuilder (UniConfigBuilder.java:33) - uniconfig zkAddress:127.0.0.1:2181
2015-10-04 20:49:22,752 DEBUG [main] impl.UniConfigBuilder (UniConfigBuilder.java:34) - uniconfig zkUser:zkroot
2015-10-04 20:49:22,752 DEBUG [main] impl.UniConfigBuilder (UniConfigBuilder.java:35) - uniconfig zkPassword:123456
2015-10-04 20:49:22,752 DEBUG [main] impl.UniConfigBuilder (UniConfigBuilder.java:36) - uniconfig zkTimeout:3000
2015-10-04 20:49:22,752 DEBUG [main] impl.UniConfigBuilder (UniConfigBuilder.java:37) - uniconfig zkAuthSchema:digest
2015-10-04 20:49:22,753 DEBUG [main] impl.UniConfigClient (UniConfigClient.java:62) - Real path=/gucl.com/mapp-sso/cache/config
2015-10-04 20:49:22,754 DEBUG [main] impl.UniConfigClient (UniConfigClient.java:62) - Real path=/gucl.com/mapp-sso/cache/config
2015-10-04 20:49:22,756 DEBUG [main] impl.UniConfigClient (UniConfigClient.java:62) - Real path=/gucl.com/mapp-sso/cache/config
2015-10-04 20:49:22,788 DEBUG [main] impl.UniConfigBuilder (UniConfigBuilder.java:33) - uniconfig zkAddress:127.0.0.1:2181
2015-10-04 20:49:22,789 DEBUG [main] impl.UniConfigBuilder (UniConfigBuilder.java:34) - uniconfig zkUser:zkroot
2015-10-04 20:49:22,789 DEBUG [main] impl.UniConfigBuilder (UniConfigBuilder.java:35) - uniconfig zkPassword:123456
2015-10-04 20:49:22,789 DEBUG [main] impl.UniConfigBuilder (UniConfigBuilder.java:36) - uniconfig zkTimeout:3000
2015-10-04 20:49:22,789 DEBUG [main] impl.UniConfigBuilder (UniConfigBuilder.java:37) - uniconfig zkAuthSchema:digest
2015-10-04 20:49:22,789 DEBUG [main] impl.UniConfigClient (UniConfigClient.java:62) - Real path=/gucl.com/mapp-sso/cache/config
2015-10-04 20:49:22,791 DEBUG [main] impl.UniConfigClient (UniConfigClient.java:62) - Real path=/gucl.com/mapp-sso/cache/config
2015-10-04 20:49:22,793 DEBUG [main] impl.UniConfigBuilder (UniConfigBuilder.java:33) - uniconfig zkAddress:127.0.0.1:2181
2015-10-04 20:49:22,794 DEBUG [main] impl.UniConfigBuilder (UniConfigBuilder.java:34) - uniconfig zkUser:zkroot
2015-10-04 20:49:22,794 DEBUG [main] impl.UniConfigBuilder (UniConfigBuilder.java:35) - uniconfig zkPassword:123456
2015-10-04 20:49:22,795 DEBUG [main] impl.UniConfigBuilder (UniConfigBuilder.java:36) - uniconfig zkTimeout:3000
2015-10-04 20:49:22,795 DEBUG [main] impl.UniConfigBuilder (UniConfigBuilder.java:37) - uniconfig zkAuthSchema:digest
2015-10-04 20:49:22,796 DEBUG [main] impl.UniConfigClient (UniConfigClient.java:62) - Real path=/gucl.com/mapp-sso/cache/config
2015-10-04 20:49:22,799 DEBUG [main] impl.UniConfigClient (UniConfigClient.java:62) - Real path=/gucl.com/mapp-sso/cache/config
2015-10-04 20:49:56,051 INFO  [main] impl.CacheClientBuilder (CacheClientBuilder.java:30) - Get CacheConfigInfo ...
2015-10-04 20:49:56,055 DEBUG [main] impl.UniConfigBuilder (UniConfigBuilder.java:33) - uniconfig zkAddress:127.0.0.1:2181
2015-10-04 20:49:56,056 DEBUG [main] impl.UniConfigBuilder (UniConfigBuilder.java:34) - uniconfig zkUser:zkroot
2015-10-04 20:49:56,056 DEBUG [main] impl.UniConfigBuilder (UniConfigBuilder.java:35) - uniconfig zkPassword:123456
2015-10-04 20:49:56,056 DEBUG [main] impl.UniConfigBuilder (UniConfigBuilder.java:36) - uniconfig zkTimeout:3000
2015-10-04 20:49:56,056 DEBUG [main] impl.UniConfigBuilder (UniConfigBuilder.java:37) - uniconfig zkAuthSchema:digest
2015-10-04 20:49:56,535 DEBUG [main] impl.UniConfigClient (UniConfigClient.java:62) - Real path=/gucl.com/mapp-sso/cache/config
2015-10-04 20:49:56,556 DEBUG [main] impl.UniConfigClient (UniConfigClient.java:62) - Real path=/gucl.com/mapp-sso/cache/config
2015-10-04 20:49:56,665 INFO  [main] impl.CacheClientBuilder (CacheClientBuilder.java:37) - Get hostAndPort ...
2015-10-04 20:49:56,665 INFO  [main] impl.CacheClientBuilder (CacheClientBuilder.java:39) - Get RedisClient ...
2015-10-04 20:49:56,667 DEBUG [main] impl.CacheClusterClient (CacheClusterClient.java:46) - -----------------------创建JedisPool------------------------begin---
2015-10-04 20:49:56,667 DEBUG [main] impl.CacheClusterClient (CacheClusterClient.java:52) - 192.168.0.10:7001
2015-10-04 20:49:56,668 DEBUG [main] impl.CacheClusterClient (CacheClusterClient.java:52) - 192.168.0.10:7002
2015-10-04 20:49:56,668 DEBUG [main] impl.CacheClusterClient (CacheClusterClient.java:52) - 192.168.0.10:7003
2015-10-04 20:49:56,668 DEBUG [main] impl.CacheClusterClient (CacheClusterClient.java:52) - 192.168.0.10:7004
2015-10-04 20:49:56,668 DEBUG [main] impl.CacheClusterClient (CacheClusterClient.java:52) - 192.168.0.10:7005
2015-10-04 20:49:56,668 DEBUG [main] impl.CacheClusterClient (CacheClusterClient.java:52) - 192.168.0.10:7006
2015-10-04 20:49:56,739 DEBUG [main] impl.CacheClusterClient (CacheClusterClient.java:60) - -----------------------创建JedisPool------------------------end---
2015-10-04 20:49:56,739 INFO  [main] impl.CacheClientBuilder (CacheClientBuilder.java:45) - Get RedisClient ...
2015-10-04 20:50:15,831 ERROR [main] impl.CacheClusterClient (CacheClusterClient.java:309) - Too many Cluster redirections?
redis.clients.jedis.exceptions.JedisClusterMaxRedirectionsException: Too many Cluster redirections?
	at redis.clients.jedis.JedisClusterCommand.runWithRetries(JedisClusterCommand.java:98) ~[jedis-3.0.0.jar:?]
	at redis.clients.jedis.JedisClusterCommand.runWithRetries(JedisClusterCommand.java:131) ~[jedis-3.0.0.jar:?]
	at redis.clients.jedis.JedisClusterCommand.runWithRetries(JedisClusterCommand.java:147) ~[jedis-3.0.0.jar:?]
	at redis.clients.jedis.JedisClusterCommand.runWithRetries(JedisClusterCommand.java:131) ~[jedis-3.0.0.jar:?]
	at redis.clients.jedis.JedisClusterCommand.runWithRetries(JedisClusterCommand.java:147) ~[jedis-3.0.0.jar:?]
	at redis.clients.jedis.JedisClusterCommand.runWithRetries(JedisClusterCommand.java:131) ~[jedis-3.0.0.jar:?]
	at redis.clients.jedis.JedisClusterCommand.run(JedisClusterCommand.java:30) ~[jedis-3.0.0.jar:?]
	at redis.clients.jedis.JedisCluster.hget(JedisCluster.java:317) ~[jedis-3.0.0.jar:?]
	at com.gucl.myxapp.paas.ipaas.cache.client.impl.CacheClusterClient.hget(CacheClusterClient.java:306) [bin/:?]
	at test.com.gucl.myapp.paas.ipaas.cache.CacheTest.queryCache(CacheTest.java:33) [bin/:?]
	at test.com.gucl.myapp.paas.ipaas.cache.CacheTest.testCacheModify(CacheTest.java:25) [bin/:?]
	at sun.reflect.NativeMethodAccessorImpl.invoke0(Native Method) ~[?:1.8.0_60]
	at sun.reflect.NativeMethodAccessorImpl.invoke(Unknown Source) ~[?:1.8.0_60]
	at sun.reflect.DelegatingMethodAccessorImpl.invoke(Unknown Source) ~[?:1.8.0_60]
	at java.lang.reflect.Method.invoke(Unknown Source) ~[?:1.8.0_60]
	at org.junit.runners.model.FrameworkMethod$1.runReflectiveCall(FrameworkMethod.java:50) [junit-4.12.jar:4.12]
	at org.junit.internal.runners.model.ReflectiveCallable.run(ReflectiveCallable.java:12) [junit-4.12.jar:4.12]
	at org.junit.runners.model.FrameworkMethod.invokeExplosively(FrameworkMethod.java:47) [junit-4.12.jar:4.12]
	at org.junit.internal.runners.statements.InvokeMethod.evaluate(InvokeMethod.java:17) [junit-4.12.jar:4.12]
	at org.junit.runners.ParentRunner.runLeaf(ParentRunner.java:325) [junit-4.12.jar:4.12]
	at org.junit.runners.BlockJUnit4ClassRunner.runChild(BlockJUnit4ClassRunner.java:78) [junit-4.12.jar:4.12]
	at org.junit.runners.BlockJUnit4ClassRunner.runChild(BlockJUnit4ClassRunner.java:57) [junit-4.12.jar:4.12]
	at org.junit.runners.ParentRunner$3.run(ParentRunner.java:290) [junit-4.12.jar:4.12]
	at org.junit.runners.ParentRunner$1.schedule(ParentRunner.java:71) [junit-4.12.jar:4.12]
	at org.junit.runners.ParentRunner.runChildren(ParentRunner.java:288) [junit-4.12.jar:4.12]
	at org.junit.runners.ParentRunner.access$000(ParentRunner.java:58) [junit-4.12.jar:4.12]
	at org.junit.runners.ParentRunner$2.evaluate(ParentRunner.java:268) [junit-4.12.jar:4.12]
	at org.junit.runners.ParentRunner.run(ParentRunner.java:363) [junit-4.12.jar:4.12]
	at org.eclipse.jdt.internal.junit4.runner.JUnit4TestReference.run(JUnit4TestReference.java:86) [.cp/:?]
	at org.eclipse.jdt.internal.junit.runner.TestExecution.run(TestExecution.java:38) [.cp/:?]
	at org.eclipse.jdt.internal.junit.runner.RemoteTestRunner.runTests(RemoteTestRunner.java:459) [.cp/:?]
	at org.eclipse.jdt.internal.junit.runner.RemoteTestRunner.runTests(RemoteTestRunner.java:675) [.cp/:?]
	at org.eclipse.jdt.internal.junit.runner.RemoteTestRunner.run(RemoteTestRunner.java:382) [.cp/:?]
	at org.eclipse.jdt.internal.junit.runner.RemoteTestRunner.main(RemoteTestRunner.java:192) [.cp/:?]
2015-10-04 21:06:25,632 INFO  [main] impl.CacheClientBuilder (CacheClientBuilder.java:30) - Get CacheConfigInfo ...
2015-10-04 21:06:25,635 DEBUG [main] impl.UniConfigBuilder (UniConfigBuilder.java:33) - uniconfig zkAddress:127.0.0.1:2181
2015-10-04 21:06:25,635 DEBUG [main] impl.UniConfigBuilder (UniConfigBuilder.java:34) - uniconfig zkUser:zkroot
2015-10-04 21:06:25,635 DEBUG [main] impl.UniConfigBuilder (UniConfigBuilder.java:35) - uniconfig zkPassword:123456
2015-10-04 21:06:25,635 DEBUG [main] impl.UniConfigBuilder (UniConfigBuilder.java:36) - uniconfig zkTimeout:3000
2015-10-04 21:06:25,636 DEBUG [main] impl.UniConfigBuilder (UniConfigBuilder.java:37) - uniconfig zkAuthSchema:digest
2015-10-04 21:06:25,918 DEBUG [main] impl.UniConfigClient (UniConfigClient.java:62) - Real path=/gucl.com/mapp-sso/cache/config
2015-10-04 21:06:25,937 DEBUG [main] impl.UniConfigClient (UniConfigClient.java:62) - Real path=/gucl.com/mapp-sso/cache/config
2015-10-04 21:06:26,032 INFO  [main] impl.CacheClientBuilder (CacheClientBuilder.java:37) - Get hostAndPort ...
2015-10-04 21:06:26,033 INFO  [main] impl.CacheClientBuilder (CacheClientBuilder.java:39) - Get RedisClient ...
2015-10-04 21:06:26,035 DEBUG [main] impl.CacheClusterClient (CacheClusterClient.java:46) - -----------------------创建JedisPool------------------------begin---
2015-10-04 21:06:26,036 DEBUG [main] impl.CacheClusterClient (CacheClusterClient.java:52) - 192.168.0.10:7001
2015-10-04 21:06:26,036 DEBUG [main] impl.CacheClusterClient (CacheClusterClient.java:52) - 192.168.0.10:7002
2015-10-04 21:06:26,036 DEBUG [main] impl.CacheClusterClient (CacheClusterClient.java:52) - 192.168.0.10:7003
2015-10-04 21:06:26,036 DEBUG [main] impl.CacheClusterClient (CacheClusterClient.java:52) - 192.168.0.10:7004
2015-10-04 21:06:26,037 DEBUG [main] impl.CacheClusterClient (CacheClusterClient.java:52) - 192.168.0.10:7005
2015-10-04 21:06:26,037 DEBUG [main] impl.CacheClusterClient (CacheClusterClient.java:52) - 192.168.0.10:7006
2015-10-04 21:06:26,098 DEBUG [main] impl.CacheClusterClient (CacheClusterClient.java:60) - -----------------------创建JedisPool------------------------end---
2015-10-04 21:06:26,098 INFO  [main] impl.CacheClientBuilder (CacheClientBuilder.java:45) - Get RedisClient ...
2015-10-04 21:06:26,104 INFO  [main] impl.CacheClientBuilder (CacheClientBuilder.java:30) - Get CacheConfigInfo ...
2015-10-04 21:06:26,104 DEBUG [main] impl.UniConfigBuilder (UniConfigBuilder.java:33) - uniconfig zkAddress:127.0.0.1:2181
2015-10-04 21:06:26,104 DEBUG [main] impl.UniConfigBuilder (UniConfigBuilder.java:34) - uniconfig zkUser:zkroot
2015-10-04 21:06:26,104 DEBUG [main] impl.UniConfigBuilder (UniConfigBuilder.java:35) - uniconfig zkPassword:123456
2015-10-04 21:06:26,105 DEBUG [main] impl.UniConfigBuilder (UniConfigBuilder.java:36) - uniconfig zkTimeout:3000
2015-10-04 21:06:26,105 DEBUG [main] impl.UniConfigBuilder (UniConfigBuilder.java:37) - uniconfig zkAuthSchema:digest
2015-10-04 21:06:26,105 DEBUG [main] impl.UniConfigClient (UniConfigClient.java:62) - Real path=/gucl.com/mapp-sso/cache/config
2015-10-04 21:06:26,106 DEBUG [main] impl.UniConfigClient (UniConfigClient.java:62) - Real path=/gucl.com/mapp-sso/cache/config
2015-10-04 21:06:26,113 INFO  [main] impl.CacheClientBuilder (CacheClientBuilder.java:30) - Get CacheConfigInfo ...
2015-10-04 21:06:26,113 DEBUG [main] impl.UniConfigBuilder (UniConfigBuilder.java:33) - uniconfig zkAddress:127.0.0.1:2181
2015-10-04 21:06:26,113 DEBUG [main] impl.UniConfigBuilder (UniConfigBuilder.java:34) - uniconfig zkUser:zkroot
2015-10-04 21:06:26,114 DEBUG [main] impl.UniConfigBuilder (UniConfigBuilder.java:35) - uniconfig zkPassword:123456
2015-10-04 21:06:26,114 DEBUG [main] impl.UniConfigBuilder (UniConfigBuilder.java:36) - uniconfig zkTimeout:3000
2015-10-04 21:06:26,114 DEBUG [main] impl.UniConfigBuilder (UniConfigBuilder.java:37) - uniconfig zkAuthSchema:digest
2015-10-04 21:06:26,114 DEBUG [main] impl.UniConfigClient (UniConfigClient.java:62) - Real path=/gucl.com/mapp-sso/cache/config
2015-10-04 21:06:26,115 DEBUG [main] impl.UniConfigClient (UniConfigClient.java:62) - Real path=/gucl.com/mapp-sso/cache/config
2015-10-04 21:10:53,861 DEBUG [main] impl.DocStoreClientBuilder (DocStoreClientBuilder.java:22) - Get DocStore Conf ...
2015-10-04 21:10:53,865 DEBUG [main] impl.UniConfigBuilder (UniConfigBuilder.java:33) - uniconfig zkAddress:127.0.0.1:2181
2015-10-04 21:10:53,865 DEBUG [main] impl.UniConfigBuilder (UniConfigBuilder.java:34) - uniconfig zkUser:zkroot
2015-10-04 21:10:53,866 DEBUG [main] impl.UniConfigBuilder (UniConfigBuilder.java:35) - uniconfig zkPassword:123456
2015-10-04 21:10:53,866 DEBUG [main] impl.UniConfigBuilder (UniConfigBuilder.java:36) - uniconfig zkTimeout:3000
2015-10-04 21:10:53,866 DEBUG [main] impl.UniConfigBuilder (UniConfigBuilder.java:37) - uniconfig zkAuthSchema:digest
2015-10-04 21:10:54,164 DEBUG [main] impl.UniConfigClient (UniConfigClient.java:62) - Real path=/gucl.com/mapp-sso/docstore/config
2015-10-04 21:10:54,197 DEBUG [main] impl.UniConfigClient (UniConfigClient.java:62) - Real path=/gucl.com/mapp-sso/docstore/config
2015-10-04 21:10:56,185 DEBUG [main] impl.DocStoreClientBuilder (DocStoreClientBuilder.java:22) - Get DocStore Conf ...
2015-10-04 21:10:56,186 DEBUG [main] impl.UniConfigBuilder (UniConfigBuilder.java:33) - uniconfig zkAddress:127.0.0.1:2181
2015-10-04 21:10:56,187 DEBUG [main] impl.UniConfigBuilder (UniConfigBuilder.java:34) - uniconfig zkUser:zkroot
2015-10-04 21:10:56,188 DEBUG [main] impl.UniConfigBuilder (UniConfigBuilder.java:35) - uniconfig zkPassword:123456
2015-10-04 21:10:56,189 DEBUG [main] impl.UniConfigBuilder (UniConfigBuilder.java:36) - uniconfig zkTimeout:3000
2015-10-04 21:10:56,190 DEBUG [main] impl.UniConfigBuilder (UniConfigBuilder.java:37) - uniconfig zkAuthSchema:digest
2015-10-04 21:10:56,190 DEBUG [main] impl.UniConfigClient (UniConfigClient.java:62) - Real path=/gucl.com/mapp-sso/docstore/config
2015-10-04 21:10:56,194 DEBUG [main] impl.UniConfigClient (UniConfigClient.java:62) - Real path=/gucl.com/mapp-sso/docstore/config
2015-10-04 21:11:12,126 DEBUG [main] impl.DocStoreClientBuilder (DocStoreClientBuilder.java:22) - Get DocStore Conf ...
2015-10-04 21:11:12,130 DEBUG [main] impl.UniConfigBuilder (UniConfigBuilder.java:33) - uniconfig zkAddress:127.0.0.1:2181
2015-10-04 21:11:12,131 DEBUG [main] impl.UniConfigBuilder (UniConfigBuilder.java:34) - uniconfig zkUser:zkroot
2015-10-04 21:11:12,131 DEBUG [main] impl.UniConfigBuilder (UniConfigBuilder.java:35) - uniconfig zkPassword:123456
2015-10-04 21:11:12,131 DEBUG [main] impl.UniConfigBuilder (UniConfigBuilder.java:36) - uniconfig zkTimeout:3000
2015-10-04 21:11:12,131 DEBUG [main] impl.UniConfigBuilder (UniConfigBuilder.java:37) - uniconfig zkAuthSchema:digest
2015-10-04 21:11:12,359 DEBUG [main] impl.UniConfigClient (UniConfigClient.java:62) - Real path=/gucl.com/mapp-sso/docstore/config
2015-10-04 21:11:12,375 DEBUG [main] impl.UniConfigClient (UniConfigClient.java:62) - Real path=/gucl.com/mapp-sso/docstore/config
2015-10-04 21:11:13,816 DEBUG [main] impl.DocStoreClientBuilder (DocStoreClientBuilder.java:22) - Get DocStore Conf ...
2015-10-04 21:11:13,842 DEBUG [main] impl.UniConfigBuilder (UniConfigBuilder.java:33) - uniconfig zkAddress:127.0.0.1:2181
2015-10-04 21:11:13,843 DEBUG [main] impl.UniConfigBuilder (UniConfigBuilder.java:34) - uniconfig zkUser:zkroot
2015-10-04 21:11:13,843 DEBUG [main] impl.UniConfigBuilder (UniConfigBuilder.java:35) - uniconfig zkPassword:123456
2015-10-04 21:11:13,844 DEBUG [main] impl.UniConfigBuilder (UniConfigBuilder.java:36) - uniconfig zkTimeout:3000
2015-10-04 21:11:13,844 DEBUG [main] impl.UniConfigBuilder (UniConfigBuilder.java:37) - uniconfig zkAuthSchema:digest
2015-10-04 21:11:13,845 DEBUG [main] impl.UniConfigClient (UniConfigClient.java:62) - Real path=/gucl.com/mapp-sso/docstore/config
2015-10-04 21:11:13,847 DEBUG [main] impl.UniConfigClient (UniConfigClient.java:62) - Real path=/gucl.com/mapp-sso/docstore/config
2015-10-04 21:12:12,623 DEBUG [main] impl.UniConfigBuilder (UniConfigBuilder.java:33) - uniconfig zkAddress:127.0.0.1:2181
2015-10-04 21:12:12,624 DEBUG [main] impl.UniConfigBuilder (UniConfigBuilder.java:34) - uniconfig zkUser:zkroot
2015-10-04 21:12:12,624 DEBUG [main] impl.UniConfigBuilder (UniConfigBuilder.java:35) - uniconfig zkPassword:123456
2015-10-04 21:12:12,624 DEBUG [main] impl.UniConfigBuilder (UniConfigBuilder.java:36) - uniconfig zkTimeout:3000
2015-10-04 21:12:12,625 DEBUG [main] impl.UniConfigBuilder (UniConfigBuilder.java:37) - uniconfig zkAuthSchema:digest
2015-10-04 21:12:12,849 DEBUG [main] impl.UniConfigClient (UniConfigClient.java:62) - Real path=/gucl.com/mapp-sso/cache/config
2015-10-04 21:12:12,865 DEBUG [main] impl.UniConfigClient (UniConfigClient.java:62) - Real path=/gucl.com/mapp-sso/cache/config
2015-10-04 21:12:12,870 DEBUG [main] impl.UniConfigBuilder (UniConfigBuilder.java:33) - uniconfig zkAddress:127.0.0.1:2181
2015-10-04 21:12:12,871 DEBUG [main] impl.UniConfigBuilder (UniConfigBuilder.java:34) - uniconfig zkUser:zkroot
2015-10-04 21:12:12,871 DEBUG [main] impl.UniConfigBuilder (UniConfigBuilder.java:35) - uniconfig zkPassword:123456
2015-10-04 21:12:12,871 DEBUG [main] impl.UniConfigBuilder (UniConfigBuilder.java:36) - uniconfig zkTimeout:3000
2015-10-04 21:12:12,872 DEBUG [main] impl.UniConfigBuilder (UniConfigBuilder.java:37) - uniconfig zkAuthSchema:digest
2015-10-04 21:12:12,872 DEBUG [main] impl.UniConfigClient (UniConfigClient.java:62) - Real path=/gucl.com/mapp-sso/cache/config
2015-10-04 21:12:12,873 DEBUG [main] impl.UniConfigClient (UniConfigClient.java:62) - Real path=/gucl.com/mapp-sso/cache/config
2015-10-04 21:12:12,875 DEBUG [main] impl.UniConfigClient (UniConfigClient.java:62) - Real path=/gucl.com/mapp-sso/cache/config
2015-10-04 21:12:12,906 DEBUG [main] impl.UniConfigBuilder (UniConfigBuilder.java:33) - uniconfig zkAddress:127.0.0.1:2181
2015-10-04 21:12:12,906 DEBUG [main] impl.UniConfigBuilder (UniConfigBuilder.java:34) - uniconfig zkUser:zkroot
2015-10-04 21:12:12,906 DEBUG [main] impl.UniConfigBuilder (UniConfigBuilder.java:35) - uniconfig zkPassword:123456
2015-10-04 21:12:12,907 DEBUG [main] impl.UniConfigBuilder (UniConfigBuilder.java:36) - uniconfig zkTimeout:3000
2015-10-04 21:12:12,907 DEBUG [main] impl.UniConfigBuilder (UniConfigBuilder.java:37) - uniconfig zkAuthSchema:digest
2015-10-04 21:12:12,907 DEBUG [main] impl.UniConfigClient (UniConfigClient.java:62) - Real path=/gucl.com/mapp-sso/cache/config
2015-10-04 21:12:12,908 DEBUG [main] impl.UniConfigClient (UniConfigClient.java:62) - Real path=/gucl.com/mapp-sso/cache/config
2015-10-04 21:12:12,910 DEBUG [main] impl.UniConfigBuilder (UniConfigBuilder.java:33) - uniconfig zkAddress:127.0.0.1:2181
2015-10-04 21:12:12,910 DEBUG [main] impl.UniConfigBuilder (UniConfigBuilder.java:34) - uniconfig zkUser:zkroot
2015-10-04 21:12:12,910 DEBUG [main] impl.UniConfigBuilder (UniConfigBuilder.java:35) - uniconfig zkPassword:123456
2015-10-04 21:12:12,910 DEBUG [main] impl.UniConfigBuilder (UniConfigBuilder.java:36) - uniconfig zkTimeout:3000
2015-10-04 21:12:12,911 DEBUG [main] impl.UniConfigBuilder (UniConfigBuilder.java:37) - uniconfig zkAuthSchema:digest
2015-10-04 21:12:12,911 DEBUG [main] impl.UniConfigClient (UniConfigClient.java:62) - Real path=/gucl.com/mapp-sso/cache/config
2015-10-04 21:12:12,912 DEBUG [main] impl.UniConfigClient (UniConfigClient.java:62) - Real path=/gucl.com/mapp-sso/cache/config
2015-10-04 21:12:27,153 INFO  [main] impl.CacheClientBuilder (CacheClientBuilder.java:30) - Get CacheConfigInfo ...
2015-10-04 21:12:27,155 DEBUG [main] impl.UniConfigBuilder (UniConfigBuilder.java:33) - uniconfig zkAddress:127.0.0.1:2181
2015-10-04 21:12:27,156 DEBUG [main] impl.UniConfigBuilder (UniConfigBuilder.java:34) - uniconfig zkUser:zkroot
2015-10-04 21:12:27,156 DEBUG [main] impl.UniConfigBuilder (UniConfigBuilder.java:35) - uniconfig zkPassword:123456
2015-10-04 21:12:27,156 DEBUG [main] impl.UniConfigBuilder (UniConfigBuilder.java:36) - uniconfig zkTimeout:3000
2015-10-04 21:12:27,156 DEBUG [main] impl.UniConfigBuilder (UniConfigBuilder.java:37) - uniconfig zkAuthSchema:digest
2015-10-04 21:12:27,387 DEBUG [main] impl.UniConfigClient (UniConfigClient.java:62) - Real path=/gucl.com/mapp-sso/cache/config
2015-10-04 21:12:27,404 DEBUG [main] impl.UniConfigClient (UniConfigClient.java:62) - Real path=/gucl.com/mapp-sso/cache/config
2015-10-04 21:12:27,489 INFO  [main] impl.CacheClientBuilder (CacheClientBuilder.java:37) - Get hostAndPort ...
2015-10-04 21:12:27,490 INFO  [main] impl.CacheClientBuilder (CacheClientBuilder.java:39) - Get RedisClient ...
2015-10-04 21:12:27,492 DEBUG [main] impl.CacheClusterClient (CacheClusterClient.java:46) - -----------------------创建JedisPool------------------------begin---
2015-10-04 21:12:27,493 DEBUG [main] impl.CacheClusterClient (CacheClusterClient.java:52) - 192.168.0.10:7001
2015-10-04 21:12:27,493 DEBUG [main] impl.CacheClusterClient (CacheClusterClient.java:52) - 192.168.0.10:7002
2015-10-04 21:12:27,493 DEBUG [main] impl.CacheClusterClient (CacheClusterClient.java:52) - 192.168.0.10:7003
2015-10-04 21:12:27,493 DEBUG [main] impl.CacheClusterClient (CacheClusterClient.java:52) - 192.168.0.10:7004
2015-10-04 21:12:27,493 DEBUG [main] impl.CacheClusterClient (CacheClusterClient.java:52) - 192.168.0.10:7005
2015-10-04 21:12:27,493 DEBUG [main] impl.CacheClusterClient (CacheClusterClient.java:52) - 192.168.0.10:7006
2015-10-04 21:12:27,544 DEBUG [main] impl.CacheClusterClient (CacheClusterClient.java:60) - -----------------------创建JedisPool------------------------end---
2015-10-04 21:12:27,544 INFO  [main] impl.CacheClientBuilder (CacheClientBuilder.java:45) - Get RedisClient ...
2015-10-04 21:12:27,549 INFO  [main] impl.CacheClientBuilder (CacheClientBuilder.java:30) - Get CacheConfigInfo ...
2015-10-04 21:12:27,550 DEBUG [main] impl.UniConfigBuilder (UniConfigBuilder.java:33) - uniconfig zkAddress:127.0.0.1:2181
2015-10-04 21:12:27,550 DEBUG [main] impl.UniConfigBuilder (UniConfigBuilder.java:34) - uniconfig zkUser:zkroot
2015-10-04 21:12:27,550 DEBUG [main] impl.UniConfigBuilder (UniConfigBuilder.java:35) - uniconfig zkPassword:123456
2015-10-04 21:12:27,550 DEBUG [main] impl.UniConfigBuilder (UniConfigBuilder.java:36) - uniconfig zkTimeout:3000
2015-10-04 21:12:27,551 DEBUG [main] impl.UniConfigBuilder (UniConfigBuilder.java:37) - uniconfig zkAuthSchema:digest
2015-10-04 21:12:27,551 DEBUG [main] impl.UniConfigClient (UniConfigClient.java:62) - Real path=/gucl.com/mapp-sso/cache/config
2015-10-04 21:12:27,552 DEBUG [main] impl.UniConfigClient (UniConfigClient.java:62) - Real path=/gucl.com/mapp-sso/cache/config
2015-10-04 21:12:27,555 INFO  [main] impl.CacheClientBuilder (CacheClientBuilder.java:30) - Get CacheConfigInfo ...
2015-10-04 21:12:27,556 DEBUG [main] impl.UniConfigBuilder (UniConfigBuilder.java:33) - uniconfig zkAddress:127.0.0.1:2181
2015-10-04 21:12:27,556 DEBUG [main] impl.UniConfigBuilder (UniConfigBuilder.java:34) - uniconfig zkUser:zkroot
2015-10-04 21:12:27,556 DEBUG [main] impl.UniConfigBuilder (UniConfigBuilder.java:35) - uniconfig zkPassword:123456
2015-10-04 21:12:27,556 DEBUG [main] impl.UniConfigBuilder (UniConfigBuilder.java:36) - uniconfig zkTimeout:3000
2015-10-04 21:12:27,557 DEBUG [main] impl.UniConfigBuilder (UniConfigBuilder.java:37) - uniconfig zkAuthSchema:digest
2015-10-04 21:12:27,557 DEBUG [main] impl.UniConfigClient (UniConfigClient.java:62) - Real path=/gucl.com/mapp-sso/cache/config
2015-10-04 21:12:27,558 DEBUG [main] impl.UniConfigClient (UniConfigClient.java:62) - Real path=/gucl.com/mapp-sso/cache/config
2015-10-04 21:21:49,114 DEBUG [main] impl.DocStoreClientBuilder (DocStoreClientBuilder.java:22) - Get DocStore Conf ...
2015-10-04 21:21:49,118 DEBUG [main] impl.UniConfigBuilder (UniConfigBuilder.java:33) - uniconfig zkAddress:127.0.0.1:2181
2015-10-04 21:21:49,118 DEBUG [main] impl.UniConfigBuilder (UniConfigBuilder.java:34) - uniconfig zkUser:zkroot
2015-10-04 21:21:49,118 DEBUG [main] impl.UniConfigBuilder (UniConfigBuilder.java:35) - uniconfig zkPassword:123456
2015-10-04 21:21:49,118 DEBUG [main] impl.UniConfigBuilder (UniConfigBuilder.java:36) - uniconfig zkTimeout:3000
2015-10-04 21:21:49,118 DEBUG [main] impl.UniConfigBuilder (UniConfigBuilder.java:37) - uniconfig zkAuthSchema:digest
2015-10-04 21:21:49,355 DEBUG [main] impl.UniConfigClient (UniConfigClient.java:62) - Real path=/gucl.com/mapp-sso/docstore/config
2015-10-04 21:21:49,372 DEBUG [main] impl.UniConfigClient (UniConfigClient.java:62) - Real path=/gucl.com/mapp-sso/docstore/config
2015-10-04 21:21:50,780 DEBUG [main] impl.DocStoreClientBuilder (DocStoreClientBuilder.java:22) - Get DocStore Conf ...
2015-10-04 21:21:50,781 DEBUG [main] impl.UniConfigBuilder (UniConfigBuilder.java:33) - uniconfig zkAddress:127.0.0.1:2181
2015-10-04 21:21:50,781 DEBUG [main] impl.UniConfigBuilder (UniConfigBuilder.java:34) - uniconfig zkUser:zkroot
2015-10-04 21:21:50,781 DEBUG [main] impl.UniConfigBuilder (UniConfigBuilder.java:35) - uniconfig zkPassword:123456
2015-10-04 21:21:50,781 DEBUG [main] impl.UniConfigBuilder (UniConfigBuilder.java:36) - uniconfig zkTimeout:3000
2015-10-04 21:21:50,781 DEBUG [main] impl.UniConfigBuilder (UniConfigBuilder.java:37) - uniconfig zkAuthSchema:digest
2015-10-04 21:21:50,782 DEBUG [main] impl.UniConfigClient (UniConfigClient.java:62) - Real path=/gucl.com/mapp-sso/docstore/config
2015-10-04 21:21:50,783 DEBUG [main] impl.UniConfigClient (UniConfigClient.java:62) - Real path=/gucl.com/mapp-sso/docstore/config
2015-10-04 21:22:07,374 DEBUG [main] impl.DocStoreClientBuilder (DocStoreClientBuilder.java:22) - Get DocStore Conf ...
2015-10-04 21:22:07,379 DEBUG [main] impl.UniConfigBuilder (UniConfigBuilder.java:33) - uniconfig zkAddress:127.0.0.1:2181
2015-10-04 21:22:07,379 DEBUG [main] impl.UniConfigBuilder (UniConfigBuilder.java:34) - uniconfig zkUser:zkroot
2015-10-04 21:22:07,379 DEBUG [main] impl.UniConfigBuilder (UniConfigBuilder.java:35) - uniconfig zkPassword:123456
2015-10-04 21:22:07,380 DEBUG [main] impl.UniConfigBuilder (UniConfigBuilder.java:36) - uniconfig zkTimeout:3000
2015-10-04 21:22:07,380 DEBUG [main] impl.UniConfigBuilder (UniConfigBuilder.java:37) - uniconfig zkAuthSchema:digest
2015-10-04 21:22:07,633 DEBUG [main] impl.UniConfigClient (UniConfigClient.java:62) - Real path=/gucl.com/mapp-sso/docstore/config
2015-10-04 21:22:07,656 DEBUG [main] impl.UniConfigClient (UniConfigClient.java:62) - Real path=/gucl.com/mapp-sso/docstore/config
2015-10-04 21:22:09,124 DEBUG [main] impl.DocStoreClientBuilder (DocStoreClientBuilder.java:22) - Get DocStore Conf ...
2015-10-04 21:22:09,125 DEBUG [main] impl.UniConfigBuilder (UniConfigBuilder.java:33) - uniconfig zkAddress:127.0.0.1:2181
2015-10-04 21:22:09,125 DEBUG [main] impl.UniConfigBuilder (UniConfigBuilder.java:34) - uniconfig zkUser:zkroot
2015-10-04 21:22:09,125 DEBUG [main] impl.UniConfigBuilder (UniConfigBuilder.java:35) - uniconfig zkPassword:123456
2015-10-04 21:22:09,125 DEBUG [main] impl.UniConfigBuilder (UniConfigBuilder.java:36) - uniconfig zkTimeout:3000
2015-10-04 21:22:09,125 DEBUG [main] impl.UniConfigBuilder (UniConfigBuilder.java:37) - uniconfig zkAuthSchema:digest
2015-10-04 21:22:09,126 DEBUG [main] impl.UniConfigClient (UniConfigClient.java:62) - Real path=/gucl.com/mapp-sso/docstore/config
2015-10-04 21:22:09,127 DEBUG [main] impl.UniConfigClient (UniConfigClient.java:62) - Real path=/gucl.com/mapp-sso/docstore/config
2015-10-04 21:29:02,853 DEBUG [main] impl.DocStoreClientBuilder (DocStoreClientBuilder.java:22) - Get DocStore Conf ...
2015-10-04 21:29:02,857 DEBUG [main] impl.UniConfigBuilder (UniConfigBuilder.java:33) - uniconfig zkAddress:127.0.0.1:2181
2015-10-04 21:29:02,857 DEBUG [main] impl.UniConfigBuilder (UniConfigBuilder.java:34) - uniconfig zkUser:zkroot
2015-10-04 21:29:02,857 DEBUG [main] impl.UniConfigBuilder (UniConfigBuilder.java:35) - uniconfig zkPassword:123456
2015-10-04 21:29:02,858 DEBUG [main] impl.UniConfigBuilder (UniConfigBuilder.java:36) - uniconfig zkTimeout:3000
2015-10-04 21:29:02,858 DEBUG [main] impl.UniConfigBuilder (UniConfigBuilder.java:37) - uniconfig zkAuthSchema:digest
2015-10-04 21:29:03,096 DEBUG [main] impl.UniConfigClient (UniConfigClient.java:62) - Real path=/gucl.com/mapp-sso/docstore/config
2015-10-04 21:29:03,112 DEBUG [main] impl.UniConfigClient (UniConfigClient.java:62) - Real path=/gucl.com/mapp-sso/docstore/config
2015-10-04 21:29:04,884 DEBUG [main] impl.DocStoreClientBuilder (DocStoreClientBuilder.java:22) - Get DocStore Conf ...
2015-10-04 21:29:04,884 DEBUG [main] impl.UniConfigBuilder (UniConfigBuilder.java:33) - uniconfig zkAddress:127.0.0.1:2181
2015-10-04 21:29:04,884 DEBUG [main] impl.UniConfigBuilder (UniConfigBuilder.java:34) - uniconfig zkUser:zkroot
2015-10-04 21:29:04,885 DEBUG [main] impl.UniConfigBuilder (UniConfigBuilder.java:35) - uniconfig zkPassword:123456
2015-10-04 21:29:04,885 DEBUG [main] impl.UniConfigBuilder (UniConfigBuilder.java:36) - uniconfig zkTimeout:3000
2015-10-04 21:29:04,885 DEBUG [main] impl.UniConfigBuilder (UniConfigBuilder.java:37) - uniconfig zkAuthSchema:digest
2015-10-04 21:29:04,885 DEBUG [main] impl.UniConfigClient (UniConfigClient.java:62) - Real path=/gucl.com/mapp-sso/docstore/config
2015-10-04 21:29:04,886 DEBUG [main] impl.UniConfigClient (UniConfigClient.java:62) - Real path=/gucl.com/mapp-sso/docstore/config
